main.cpp: In function 'int bfs(int)':
main.cpp:91:5: error: expected ';' before 'int'
main.cpp:98:86: error: 'cnt' was not declared in this scope
main.cpp:101:12: error: 'cnt' was not declared in this scope
main.cpp: In function 'int main()':
main.cpp:127:1: error: expected '}' at end of input
