main.cpp: In function 'int main()':
main.cpp:5:1: error: 'cin' was not declared in this scope
main.cpp:8:1: error: 'string' was not declared in this scope
main.cpp:8:8: error: expected ';' before 'arr'
main.cpp:18:8: error: 'arr' was not declared in this scope
main.cpp:25:8: error: 'arr' was not declared in this scope
main.cpp:28:1: error: 'cout' was not declared in this scope
