main.cpp: In function 'int main()':
main.cpp:5:26: error: 'c2' was not declared in this scope
main.cpp:9:34: error: 'c1' was not declared in this scope
main.cpp:10:36: error: 'c2' was not declared in this scope
main.cpp: At global scope:
main.cpp:15:1: error: expected declaration before '}' token
