main.c:2:13: error: expected identifier or '(' before 'if'
main.c:14:13: error: expected identifier or '(' before 'else'
main.c:21:13: error: expected identifier or '(' before 'else'
main.c:24:9: error: expected identifier or '(' before '}' token
main.c:25:9: warning: data definition has no type or storage class [enabled by default]
main.c:25:18: error: 'current' undeclared here (not in a function)
main.c:26:13: error: expected '=', ',', ';', 'asm' or '__attribute__' before ']' token
main.c:27:5: error: expected identifier or '(' before 'return'
main.c:28:1: error: expected identifier or '(' before '}' token
main.c: In function 'main':
main.c:32:15: error: 'MAX_LENGTH' undeclared (first use in this function)
main.c:32:15: note: each undeclared identifier is reported only once for each function it appears in
main.c:34:33: error: 'stdin' undeclared (first use in this function)
main.c:39:13: warning: incompatible implicit declaration of built-in function 'strlen' [enabled by default]
main.c:39:36: warning: incompatible implicit declaration of built-in function 'printf' [enabled by default]
