main.cpp: In function 'int main()':
main.cpp:56:23: error: 'system' was not declared in this scope
main.cpp: At global scope:
main.cpp:59:1: error: expected declaration before '}' token
