main.c: In function 'main':
main.c:9:1: error: stray '\342' in program
main.c:9:1: error: stray '\200' in program
main.c:9:1: error: stray '\234' in program
main.c:9:11: error: expected expression before '%' token
main.c:9:11: error: stray '\342' in program
main.c:9:11: error: stray '\200' in program
main.c:9:11: error: stray '\235' in program
main.c:10:2: error: lvalue required as increment operand
main.c:15:1: error: stray '\342' in program
main.c:15:1: error: stray '\200' in program
main.c:15:1: error: stray '\234' in program
main.c:15:11: error: expected expression before '%' token
main.c:15:11: error: stray '\342' in program
main.c:15:11: error: stray '\200' in program
main.c:15:11: error: stray '\235' in program
main.c:18:1: error: expected declaration or statement at end of input
