main.cpp: In member function 'void pass::getdata()':
main.cpp:13:1: error: 'cout' was not declared in this scope
main.cpp:13:1: note: suggested alternative:
/usr/include/c++/4.6/iostream:62:18: note:   'std::cout'
main.cpp:14:1: error: 'cin' was not declared in this scope
main.cpp:14:1: note: suggested alternative:
/usr/include/c++/4.6/iostream:61:18: note:   'std::cin'
main.cpp: In member function 'void pass::display()':
main.cpp:34:1: error: 'cout' was not declared in this scope
main.cpp:34:1: note: suggested alternative:
/usr/include/c++/4.6/iostream:62:18: note:   'std::cout'
main.cpp:35:139: error: expected primary-expression before '}' token
main.cpp:35:139: error: expected ';' before '}' token
main.cpp: In member function 'void train::get()':
main.cpp:48:1: error: 'cout' was not declared in this scope
main.cpp:48:1: note: suggested alternative:
/usr/include/c++/4.6/iostream:62:18: note:   'std::cout'
main.cpp:49:1: error: 'cin' was not declared in this scope
main.cpp:49:1: note: suggested alternative:
/usr/include/c++/4.6/iostream:61:18: note:   'std::cin'
main.cpp: In member function 'void train::cl()':
main.cpp:60:1: error: 'cout' was not declared in this scope
main.cpp:60:1: note: suggested alternative:
/usr/include/c++/4.6/iostream:62:18: note:   'std::cout'
main.cpp:62:1: error: 'cout' was not declared in this scope
main.cpp:62:1: note: suggested alternative:
/usr/include/c++/4.6/iostream:62:18: note:   'std::cout'
main.cpp: In member function 'void train::amtc()':
main.cpp:79:1: error: 'cout' was not declared in this scope
main.cpp:79:1: note: suggested alternative:
/usr/include/c++/4.6/iostream:62:18: note:   'std::cout'
main.cpp:79:20: error: expected primary-expression before 'else'
main.cpp:79:20: error: expected ';' before 'else'
main.cpp: In member function 'void train::put()':
main.cpp:87:1: error: 'cout' was not declared in this scope
main.cpp:87:1: note: suggested alternative:
/usr/include/c++/4.6/iostream:62:18: note:   'std::cout'
main.cpp:88:88: error: expected primary-expression before '}' token
main.cpp:88:88: error: expected ';' before '}' token
main.cpp: In member function 'void canc::getd()':
main.cpp:99:1: error: 'cout' was not declared in this scope
main.cpp:99:1: note: suggested alternative:
/usr/include/c++/4.6/iostream:62:18: note:   'std::cout'
main.cpp:100:1: error: 'cin' was not declared in this scope
main.cpp:100:1: note: suggested alternative:
/usr/include/c++/4.6/iostream:61:18: note:   'std::cin'
main.cpp:105:41: error: expected primary-expression before 'if'
main.cpp:105:41: error: expected ';' before 'if'
main.cpp:110:1: error: expected '}' before 'else'
main.cpp:114:77: error: expected primary-expression before '}' token
main.cpp:114:77: error: expected ';' before '}' token
main.cpp: At global scope:
main.cpp:120:1: error: expected unqualified-id before 'else'
main.cpp:124:1: error: expected declaration before '}' token
