main.c: In function 'main':
main.c:3:1: error: stray '\302' in program
main.c:3:1: error: stray '\255' in program
main.c:3:1: error: stray '\315' in program
main.c:3:1: error: stray '\276' in program
main.c:5:1: error: expected ';' before '}' token
