main.cpp:57:17: error: stray '\' in program
main.cpp:57:35: warning: missing terminating " character [enabled by default]
main.cpp:57:17: error: missing terminating " character
main.cpp: In function 'int main()':
main.cpp:57:34: error: expected ';' before 'n'
