main.cpp: In function 'int main()':
main.cpp:30:6: error: 'ans' was not declared in this scope
main.cpp:41:2: error: 'ans' was not declared in this scope
main.cpp:41:24: error: expected ')' before ';' token
main.cpp:44:18: error: 'ans' was not declared in this scope
