main.cpp: In function 'int main()':
main.cpp:6:14: error: 'scanf' was not declared in this scope
main.cpp:39:18: error: 'printf' was not declared in this scope
