main.cpp: In function 'int main()':
main.cpp:7:26: error: 'printf' was not declared in this scope
main.cpp:8:15: error: 'scanf' was not declared in this scope
