main.c: In function 'main':
main.c:8:1: error: stray '\342' in program
main.c:8:1: error: stray '\200' in program
main.c:8:1: error: stray '\234' in program
main.c:8:11: error: expected expression before '%' token
main.c:8:11: error: stray '\342' in program
main.c:8:11: error: stray '\200' in program
main.c:8:11: error: stray '\235' in program
main.c:9:2: error: lvalue required as increment operand
main.c:14:1: error: stray '\342' in program
main.c:14:1: error: stray '\200' in program
main.c:14:1: error: stray '\234' in program
main.c:14:11: error: expected expression before '%' token
main.c:14:11: error: stray '\342' in program
main.c:14:11: error: stray '\200' in program
main.c:14:11: error: stray '\235' in program
