main.cpp: In function 'int main()':
main.cpp:5:2: error: 'print' was not declared in this scope
main.cpp:5:8: error: expected ';' before numeric constant
