main.cpp: In function 'int main()':
main.cpp:6:2: error: 'printf' was not declared in this scope
main.cpp:6:8: error: expected ';' before string constant
